<?xml version="1.0" encoding="utf-8" standalone="no"?>
<!--This file represents the results of running a test suite-->
<test-results name="F:\tugas\TugasLibraryUnitTest\bin\Debug\TugasLibraryUnitTest.exe" total="2" errors="0" failures="0" not-run="0" inconclusive="0" ignored="0" skipped="0" invalid="0" date="2021-10-28" time="23:38:22">
  <environment nunit-version="2.6.4.14350" clr-version="2.0.50727.9151" os-version="Microsoft Windows NT 6.2.9200.0" platform="Win32NT" cwd="C:\tools-testing" machine-name="DESKTOP-8DABV3S" user="Master" user-domain="DESKTOP-8DABV3S" />
  <culture-info current-culture="en-US" current-uiculture="en-US" />
  <test-suite type="Assembly" name="F:\tugas\TugasLibraryUnitTest\bin\Debug\TugasLibraryUnitTest.exe" executed="True" result="Success" success="True" time="0.116" asserts="0">
    <results>
      <test-suite type="Namespace" name="TugasLibrary" executed="True" result="Success" success="True" time="0.103" asserts="0">
        <results>
          <test-suite type="TestFixture" name="DayTest" executed="True" result="Success" success="True" time="0.076" asserts="0">
            <results>
              <test-case name="TugasLibrary.DayTest.NameOfDayTest" executed="True" result="Success" success="True" time="0.063" asserts="7" />
            </results>
          </test-suite>
          <test-suite type="TestFixture" name="UserTest" executed="True" result="Success" success="True" time="0.005" asserts="0">
            <results>
              <test-case name="TugasLibrary.UserTest.TestUserValid" executed="True" result="Success" success="True" time="0.003" asserts="1" />
            </results>
          </test-suite>
        </results>
      </test-suite>
    </results>
  </test-suite>
</test-results>